Determining if the pthread_create exist failed with the following output:
Change Dir: /home/grobles/tp-final-taller/client/build/CMakeFiles/CMakeTmp

Run Build Command:"/usr/bin/make" "cmTC_433db/fast"
/usr/bin/make -f CMakeFiles/cmTC_433db.dir/build.make CMakeFiles/cmTC_433db.dir/build
make[1]: Entering directory '/home/grobles/tp-final-taller/client/build/CMakeFiles/CMakeTmp'
Building C object CMakeFiles/cmTC_433db.dir/CheckSymbolExists.c.o
/usr/bin/cc    -o CMakeFiles/cmTC_433db.dir/CheckSymbolExists.c.o   -c /home/grobles/tp-final-taller/client/build/CMakeFiles/CMakeTmp/CheckSymbolExists.c
Linking C executable cmTC_433db
/usr/bin/cmake -E cmake_link_script CMakeFiles/cmTC_433db.dir/link.txt --verbose=1
/usr/bin/cc      -rdynamic CMakeFiles/cmTC_433db.dir/CheckSymbolExists.c.o  -o cmTC_433db 
CMakeFiles/cmTC_433db.dir/CheckSymbolExists.c.o: In function `main':
CheckSymbolExists.c:(.text+0x1b): undefined reference to `pthread_create'
collect2: error: ld returned 1 exit status
CMakeFiles/cmTC_433db.dir/build.make:97: recipe for target 'cmTC_433db' failed
make[1]: *** [cmTC_433db] Error 1
make[1]: Leaving directory '/home/grobles/tp-final-taller/client/build/CMakeFiles/CMakeTmp'
Makefile:126: recipe for target 'cmTC_433db/fast' failed
make: *** [cmTC_433db/fast] Error 2

File /home/grobles/tp-final-taller/client/build/CMakeFiles/CMakeTmp/CheckSymbolExists.c:
/* */
#include <pthread.h>

int main(int argc, char** argv)
{
  (void)argv;
#ifndef pthread_create
  return ((int*)(&pthread_create))[argc];
#else
  (void)argc;
  return 0;
#endif
}

Determining if the function pthread_create exists in the pthreads failed with the following output:
Change Dir: /home/grobles/tp-final-taller/client/build/CMakeFiles/CMakeTmp

Run Build Command:"/usr/bin/make" "cmTC_483cf/fast"
/usr/bin/make -f CMakeFiles/cmTC_483cf.dir/build.make CMakeFiles/cmTC_483cf.dir/build
make[1]: Entering directory '/home/grobles/tp-final-taller/client/build/CMakeFiles/CMakeTmp'
Building C object CMakeFiles/cmTC_483cf.dir/CheckFunctionExists.c.o
/usr/bin/cc   -DCHECK_FUNCTION_EXISTS=pthread_create   -o CMakeFiles/cmTC_483cf.dir/CheckFunctionExists.c.o   -c /usr/share/cmake-3.9/Modules/CheckFunctionExists.c
Linking C executable cmTC_483cf
/usr/bin/cmake -E cmake_link_script CMakeFiles/cmTC_483cf.dir/link.txt --verbose=1
/usr/bin/cc  -DCHECK_FUNCTION_EXISTS=pthread_create    -rdynamic CMakeFiles/cmTC_483cf.dir/CheckFunctionExists.c.o  -o cmTC_483cf -lpthreads 
/usr/bin/ld: cannot find -lpthreads
collect2: error: ld returned 1 exit status
CMakeFiles/cmTC_483cf.dir/build.make:97: recipe for target 'cmTC_483cf' failed
make[1]: *** [cmTC_483cf] Error 1
make[1]: Leaving directory '/home/grobles/tp-final-taller/client/build/CMakeFiles/CMakeTmp'
Makefile:126: recipe for target 'cmTC_483cf/fast' failed
make: *** [cmTC_483cf/fast] Error 2


