Determining if the pthread_create exist failed with the following output:
Change Dir: /home/grobles/tp-final-taller/server/build/CMakeFiles/CMakeTmp

Run Build Command:"/usr/bin/make" "cmTC_8f57f/fast"
/usr/bin/make -f CMakeFiles/cmTC_8f57f.dir/build.make CMakeFiles/cmTC_8f57f.dir/build
make[1]: Entering directory '/home/grobles/tp-final-taller/server/build/CMakeFiles/CMakeTmp'
Building C object CMakeFiles/cmTC_8f57f.dir/CheckSymbolExists.c.o
/usr/bin/cc    -o CMakeFiles/cmTC_8f57f.dir/CheckSymbolExists.c.o   -c /home/grobles/tp-final-taller/server/build/CMakeFiles/CMakeTmp/CheckSymbolExists.c
Linking C executable cmTC_8f57f
/usr/bin/cmake -E cmake_link_script CMakeFiles/cmTC_8f57f.dir/link.txt --verbose=1
/usr/bin/cc      -rdynamic CMakeFiles/cmTC_8f57f.dir/CheckSymbolExists.c.o  -o cmTC_8f57f 
CMakeFiles/cmTC_8f57f.dir/CheckSymbolExists.c.o: In function `main':
CheckSymbolExists.c:(.text+0x1b): undefined reference to `pthread_create'
collect2: error: ld returned 1 exit status
CMakeFiles/cmTC_8f57f.dir/build.make:97: recipe for target 'cmTC_8f57f' failed
make[1]: *** [cmTC_8f57f] Error 1
make[1]: Leaving directory '/home/grobles/tp-final-taller/server/build/CMakeFiles/CMakeTmp'
Makefile:126: recipe for target 'cmTC_8f57f/fast' failed
make: *** [cmTC_8f57f/fast] Error 2

File /home/grobles/tp-final-taller/server/build/CMakeFiles/CMakeTmp/CheckSymbolExists.c:
/* */
#include <pthread.h>

int main(int argc, char** argv)
{
  (void)argv;
#ifndef pthread_create
  return ((int*)(&pthread_create))[argc];
#else
  (void)argc;
  return 0;
#endif
}

Determining if the function pthread_create exists in the pthreads failed with the following output:
Change Dir: /home/grobles/tp-final-taller/server/build/CMakeFiles/CMakeTmp

Run Build Command:"/usr/bin/make" "cmTC_1002a/fast"
/usr/bin/make -f CMakeFiles/cmTC_1002a.dir/build.make CMakeFiles/cmTC_1002a.dir/build
make[1]: Entering directory '/home/grobles/tp-final-taller/server/build/CMakeFiles/CMakeTmp'
Building C object CMakeFiles/cmTC_1002a.dir/CheckFunctionExists.c.o
/usr/bin/cc   -DCHECK_FUNCTION_EXISTS=pthread_create   -o CMakeFiles/cmTC_1002a.dir/CheckFunctionExists.c.o   -c /usr/share/cmake-3.10/Modules/CheckFunctionExists.c
Linking C executable cmTC_1002a
/usr/bin/cmake -E cmake_link_script CMakeFiles/cmTC_1002a.dir/link.txt --verbose=1
/usr/bin/cc  -DCHECK_FUNCTION_EXISTS=pthread_create    -rdynamic CMakeFiles/cmTC_1002a.dir/CheckFunctionExists.c.o  -o cmTC_1002a -lpthreads 
/usr/bin/x86_64-linux-gnu-ld: cannot find -lpthreads
collect2: error: ld returned 1 exit status
CMakeFiles/cmTC_1002a.dir/build.make:97: recipe for target 'cmTC_1002a' failed
make[1]: *** [cmTC_1002a] Error 1
make[1]: Leaving directory '/home/grobles/tp-final-taller/server/build/CMakeFiles/CMakeTmp'
Makefile:126: recipe for target 'cmTC_1002a/fast' failed
make: *** [cmTC_1002a/fast] Error 2


